29-10-2022 18:03:27.759 [main] INFO  search - Поиск - шумоподавление 3599 черный
29-10-2022 18:03:53.872 [main] INFO  search - Поиск - шумоподавление
29-10-2022 18:03:57.210 [main] INFO  search - Нашли 20 стр. за 3.325 сек.
29-10-2022 18:09:10.775 [main] INFO  search - Поиск - шумоподавление
29-10-2022 18:09:13.871 [main] INFO  search - Нашли 22 стр. за 2.428 сек.
29-10-2022 18:09:13.871 [main] INFO  search - Нашли 22 стр. за 3.082 сек.
29-10-2022 18:11:52.463 [main] INFO  search - Поиск - <Москва самовывоз>
29-10-2022 18:16:47.323 [main] INFO  search - Нашли 2987 стр. за 294.842 сек.
29-10-2022 18:18:55.863 [main] INFO  search - Поиск - <чехол розовый силикон>
29-10-2022 18:19:29.918 [main] INFO  search - Нашли 346 стр. за 34.037 сек.
29-10-2022 18:20:45.298 [main] INFO  search - Поиск - <зарядка беспроводная купить>
29-10-2022 18:23:28.078 [main] INFO  search - Поиск - <зарядка беспроводная купить>
29-10-2022 18:24:54.696 [main] INFO  search - Нашли 809 стр. за 86.608 сек.
29-10-2022 18:26:16.879 [main] INFO  search - Поиск - <провод Type-C белый>
29-10-2022 18:26:19.015 [main] INFO  search - Нашли 2 стр. за 2.123 сек.
29-10-2022 18:30:52.076 [main] INFO  search - Поиск - <провод Type-C белый>
29-10-2022 18:30:53.644 [main] INFO  search - Нашли 2 стр. за 1.553 сек.
29-10-2022 18:32:24.350 [main] INFO  search - Поиск - <красный redmi зарядка>
29-10-2022 18:32:59.488 [main] INFO  search - Нашли 286 стр. за 35.126 сек.
29-10-2022 18:33:50.447 [main] INFO  search - Поиск - <красный redmi зарядка>
29-10-2022 18:34:25.219 [main] INFO  search - Нашли 286 стр. за 34.757 сек.
29-10-2022 18:35:20.890 [main] INFO  search - Поиск - <чехол прозрачный 10>
29-10-2022 18:36:21.880 [main] INFO  search - Нашли 620 стр. за 60.977 сек.
29-10-2022 18:41:22.384 [main] INFO  search - Поиск - <чехол прозрачный 10>
29-10-2022 18:42:22.712 [main] INFO  search - Нашли 224 стр. за 60.314 сек.
29-10-2022 18:44:41.110 [main] INFO  search - Поиск - <кнопочный телефон>
29-10-2022 18:44:42.059 [main] INFO  search - Нашли 0 стр. за 0.938 сек.
29-10-2022 18:44:58.354 [main] INFO  search - Поиск - <долго держит заряд>
29-10-2022 18:45:00.502 [main] INFO  search - Нашли 4 стр. за 2.131 сек.
29-10-2022 18:58:54.616 [main] INFO  search - Поиск - <смартфон пурпурный быстрый 10>
29-10-2022 18:58:55.587 [main] INFO  search - Нашли 0 стр. за 0.958 сек.
29-10-2022 18:59:17.061 [main] INFO  search - Поиск - <быстрая зарядка провод>
29-10-2022 18:59:18.787 [main] INFO  search - Нашли 6 стр. за 1.706 сек.
29-10-2022 19:09:32.939 [main] INFO  search - Поиск - <Request -> быстрая зарядка провод>
29-10-2022 19:09:34.006 [main] INFO  search - Нашли 0 стр. за 1.054 сек.
29-10-2022 19:09:47.473 [main] INFO  search - Поиск - <быстрая зарядка провод>
29-10-2022 19:09:49.068 [main] INFO  search - Нашли 6 стр. за 1.585 сек.
29-10-2022 19:13:11.780 [main] INFO  search - Поиск - <быстрая зарядка провод>
29-10-2022 19:13:13.384 [main] INFO  search - Нашли 6 стр. за 1.592 сек.
29-10-2022 19:14:22.439 [main] INFO  search - Поиск - <быстрая зарядка провод>
29-10-2022 19:14:23.909 [main] INFO  search - Нашли 6 стр. за 1.458 сек.
29-10-2022 19:16:14.846 [main] INFO  search - Поиск - <быстрая зарядка провод>
29-10-2022 19:16:16.739 [main] INFO  search - Нашли 6 стр. за 1.882 сек.
29-10-2022 19:18:27.680 [main] INFO  search - Поиск - <быстрая зарядка провод>
29-10-2022 19:18:29.572 [main] INFO  search - Нашли 6 стр. за 1.883 сек.
29-10-2022 19:19:27.821 [main] INFO  search - Поиск - <быстрая зарядка провод>
29-10-2022 19:19:29.255 [main] INFO  search - Нашли 6 стр. за 1.423 сек.
29-10-2022 19:23:50.343 [main] INFO  search - Поиск - <быстрая зарядка провод>
29-10-2022 19:23:52.307 [main] INFO  search - Нашли 6 стр. за 1.951 сек.
29-10-2022 19:55:29.204 [restartedMain] INFO  pet.skillbox.sitesearchengine.SiteSearchEngineApplication - Starting SiteSearchEngineApplication on dikdack_PC with PID 17956 (started by vadim in C:\Users\vadim\OneDrive\Рабочий стол\SiteSearchEngine)
29-10-2022 19:55:29.225 [restartedMain] INFO  pet.skillbox.sitesearchengine.SiteSearchEngineApplication - No active profile set, falling back to default profiles: default
29-10-2022 19:55:29.675 [restartedMain] INFO  org.springframework.boot.devtools.env.DevToolsPropertyDefaultsPostProcessor - Devtools property defaults active! Set 'spring.devtools.add-properties' to 'false' to disable
29-10-2022 19:55:29.676 [restartedMain] INFO  org.springframework.boot.devtools.env.DevToolsPropertyDefaultsPostProcessor - For additional web related logging consider setting the 'logging.level.web' property to 'DEBUG'
29-10-2022 19:55:45.148 [restartedMain] INFO  pet.skillbox.sitesearchengine.SiteSearchEngineApplication - Starting SiteSearchEngineApplication on dikdack_PC with PID 20028 (started by vadim in C:\Users\vadim\OneDrive\Рабочий стол\SiteSearchEngine)
29-10-2022 19:55:45.163 [restartedMain] INFO  pet.skillbox.sitesearchengine.SiteSearchEngineApplication - No active profile set, falling back to default profiles: default
29-10-2022 19:55:45.226 [restartedMain] INFO  org.springframework.boot.devtools.env.DevToolsPropertyDefaultsPostProcessor - Devtools property defaults active! Set 'spring.devtools.add-properties' to 'false' to disable
29-10-2022 19:55:45.226 [restartedMain] INFO  org.springframework.boot.devtools.env.DevToolsPropertyDefaultsPostProcessor - For additional web related logging consider setting the 'logging.level.web' property to 'DEBUG'
29-10-2022 20:00:27.981 [restartedMain] INFO  pet.skillbox.sitesearchengine.SiteSearchEngineApplication - Starting SiteSearchEngineApplication on dikdack_PC with PID 19852 (started by vadim in C:\Users\vadim\OneDrive\Рабочий стол\SiteSearchEngine)
29-10-2022 20:00:27.992 [restartedMain] INFO  pet.skillbox.sitesearchengine.SiteSearchEngineApplication - No active profile set, falling back to default profiles: default
29-10-2022 20:00:28.100 [restartedMain] INFO  org.springframework.boot.devtools.env.DevToolsPropertyDefaultsPostProcessor - Devtools property defaults active! Set 'spring.devtools.add-properties' to 'false' to disable
29-10-2022 20:00:28.101 [restartedMain] INFO  org.springframework.boot.devtools.env.DevToolsPropertyDefaultsPostProcessor - For additional web related logging consider setting the 'logging.level.web' property to 'DEBUG'
29-10-2022 20:09:32.901 [main] INFO  search - Поиск - <автодержатель магнит>
29-10-2022 20:09:37.352 [main] INFO  search - Нашли 19 стр. за 4.435 сек.
29-10-2022 21:33:07.457 [restartedMain] INFO  pet.skillbox.sitesearchengine.SiteSearchEngineApplication - Starting SiteSearchEngineApplication on dikdack_PC with PID 17576 (started by vadim in C:\Users\vadim\OneDrive\Рабочий стол\SiteSearchEngine)
29-10-2022 21:33:07.471 [restartedMain] INFO  pet.skillbox.sitesearchengine.SiteSearchEngineApplication - No active profile set, falling back to default profiles: default
29-10-2022 21:33:07.564 [restartedMain] INFO  org.springframework.boot.devtools.env.DevToolsPropertyDefaultsPostProcessor - Devtools property defaults active! Set 'spring.devtools.add-properties' to 'false' to disable
29-10-2022 21:33:07.564 [restartedMain] INFO  org.springframework.boot.devtools.env.DevToolsPropertyDefaultsPostProcessor - For additional web related logging consider setting the 'logging.level.web' property to 'DEBUG'
29-10-2022 21:38:31.768 [restartedMain] INFO  pet.skillbox.sitesearchengine.SiteSearchEngineApplication - Starting SiteSearchEngineApplication on dikdack_PC with PID 1560 (started by vadim in C:\Users\vadim\OneDrive\Рабочий стол\SiteSearchEngine)
29-10-2022 21:38:31.782 [restartedMain] INFO  pet.skillbox.sitesearchengine.SiteSearchEngineApplication - No active profile set, falling back to default profiles: default
29-10-2022 21:38:31.870 [restartedMain] INFO  org.springframework.boot.devtools.env.DevToolsPropertyDefaultsPostProcessor - Devtools property defaults active! Set 'spring.devtools.add-properties' to 'false' to disable
29-10-2022 21:38:31.870 [restartedMain] INFO  org.springframework.boot.devtools.env.DevToolsPropertyDefaultsPostProcessor - For additional web related logging consider setting the 'logging.level.web' property to 'DEBUG'
29-10-2022 21:43:17.229 [restartedMain] INFO  pet.skillbox.sitesearchengine.SiteSearchEngineApplication - Starting SiteSearchEngineApplication on dikdack_PC with PID 9348 (started by vadim in C:\Users\vadim\OneDrive\Рабочий стол\SiteSearchEngine)
29-10-2022 21:43:17.250 [restartedMain] INFO  pet.skillbox.sitesearchengine.SiteSearchEngineApplication - No active profile set, falling back to default profiles: default
29-10-2022 21:43:17.346 [restartedMain] INFO  org.springframework.boot.devtools.env.DevToolsPropertyDefaultsPostProcessor - Devtools property defaults active! Set 'spring.devtools.add-properties' to 'false' to disable
29-10-2022 21:43:17.346 [restartedMain] INFO  org.springframework.boot.devtools.env.DevToolsPropertyDefaultsPostProcessor - For additional web related logging consider setting the 'logging.level.web' property to 'DEBUG'
30-10-2022 11:06:07.980 [restartedMain] INFO  pet.skillbox.sitesearchengine.SiteSearchEngineApplication - Starting SiteSearchEngineApplication on dikdack_PC with PID 15584 (started by vadim in C:\Users\vadim\OneDrive\Рабочий стол\SiteSearchEngine)
30-10-2022 11:06:07.989 [restartedMain] INFO  pet.skillbox.sitesearchengine.SiteSearchEngineApplication - No active profile set, falling back to default profiles: default
30-10-2022 11:06:08.032 [restartedMain] INFO  org.springframework.boot.devtools.env.DevToolsPropertyDefaultsPostProcessor - Devtools property defaults active! Set 'spring.devtools.add-properties' to 'false' to disable
30-10-2022 11:06:08.033 [restartedMain] INFO  org.springframework.boot.devtools.env.DevToolsPropertyDefaultsPostProcessor - For additional web related logging consider setting the 'logging.level.web' property to 'DEBUG'
30-10-2022 11:09:35.361 [restartedMain] INFO  pet.skillbox.sitesearchengine.SiteSearchEngineApplication - Starting SiteSearchEngineApplication on dikdack_PC with PID 9120 (started by vadim in C:\Users\vadim\OneDrive\Рабочий стол\SiteSearchEngine)
30-10-2022 11:09:35.371 [restartedMain] INFO  pet.skillbox.sitesearchengine.SiteSearchEngineApplication - No active profile set, falling back to default profiles: default
30-10-2022 11:09:35.409 [restartedMain] INFO  org.springframework.boot.devtools.env.DevToolsPropertyDefaultsPostProcessor - Devtools property defaults active! Set 'spring.devtools.add-properties' to 'false' to disable
30-10-2022 11:09:35.409 [restartedMain] INFO  org.springframework.boot.devtools.env.DevToolsPropertyDefaultsPostProcessor - For additional web related logging consider setting the 'logging.level.web' property to 'DEBUG'
30-10-2022 11:15:28.145 [restartedMain] INFO  pet.skillbox.sitesearchengine.SiteSearchEngineApplication - Starting SiteSearchEngineApplication on dikdack_PC with PID 15004 (started by vadim in C:\Users\vadim\OneDrive\Рабочий стол\SiteSearchEngine)
30-10-2022 11:15:28.157 [restartedMain] INFO  pet.skillbox.sitesearchengine.SiteSearchEngineApplication - No active profile set, falling back to default profiles: default
30-10-2022 11:15:28.201 [restartedMain] INFO  org.springframework.boot.devtools.env.DevToolsPropertyDefaultsPostProcessor - Devtools property defaults active! Set 'spring.devtools.add-properties' to 'false' to disable
30-10-2022 11:15:28.201 [restartedMain] INFO  org.springframework.boot.devtools.env.DevToolsPropertyDefaultsPostProcessor - For additional web related logging consider setting the 'logging.level.web' property to 'DEBUG'
30-10-2022 11:34:44.119 [restartedMain] INFO  pet.skillbox.sitesearchengine.SiteSearchEngineApplication - Starting SiteSearchEngineApplication on dikdack_PC with PID 6160 (started by vadim in C:\Users\vadim\OneDrive\Рабочий стол\SiteSearchEngine)
30-10-2022 11:34:44.126 [restartedMain] INFO  pet.skillbox.sitesearchengine.SiteSearchEngineApplication - No active profile set, falling back to default profiles: default
30-10-2022 11:34:44.159 [restartedMain] INFO  org.springframework.boot.devtools.env.DevToolsPropertyDefaultsPostProcessor - Devtools property defaults active! Set 'spring.devtools.add-properties' to 'false' to disable
30-10-2022 11:34:44.159 [restartedMain] INFO  org.springframework.boot.devtools.env.DevToolsPropertyDefaultsPostProcessor - For additional web related logging consider setting the 'logging.level.web' property to 'DEBUG'
30-10-2022 11:42:24.211 [restartedMain] INFO  pet.skillbox.sitesearchengine.SiteSearchEngineApplication - Starting SiteSearchEngineApplication on dikdack_PC with PID 7180 (started by vadim in C:\Users\vadim\OneDrive\Рабочий стол\SiteSearchEngine)
30-10-2022 11:42:24.223 [restartedMain] INFO  pet.skillbox.sitesearchengine.SiteSearchEngineApplication - No active profile set, falling back to default profiles: default
30-10-2022 11:42:24.290 [restartedMain] INFO  org.springframework.boot.devtools.env.DevToolsPropertyDefaultsPostProcessor - Devtools property defaults active! Set 'spring.devtools.add-properties' to 'false' to disable
30-10-2022 11:42:24.291 [restartedMain] INFO  org.springframework.boot.devtools.env.DevToolsPropertyDefaultsPostProcessor - For additional web related logging consider setting the 'logging.level.web' property to 'DEBUG'
30-10-2022 11:52:19.167 [restartedMain] INFO  pet.skillbox.sitesearchengine.SiteSearchEngineApplication - Starting SiteSearchEngineApplication on dikdack_PC with PID 20316 (started by vadim in C:\Users\vadim\OneDrive\Рабочий стол\SiteSearchEngine)
30-10-2022 11:52:19.178 [restartedMain] INFO  pet.skillbox.sitesearchengine.SiteSearchEngineApplication - No active profile set, falling back to default profiles: default
30-10-2022 11:52:19.240 [restartedMain] INFO  org.springframework.boot.devtools.env.DevToolsPropertyDefaultsPostProcessor - Devtools property defaults active! Set 'spring.devtools.add-properties' to 'false' to disable
30-10-2022 11:52:19.241 [restartedMain] INFO  org.springframework.boot.devtools.env.DevToolsPropertyDefaultsPostProcessor - For additional web related logging consider setting the 'logging.level.web' property to 'DEBUG'
30-10-2022 11:53:42.390 [restartedMain] INFO  pet.skillbox.sitesearchengine.SiteSearchEngineApplication - Starting SiteSearchEngineApplication on dikdack_PC with PID 17548 (started by vadim in C:\Users\vadim\OneDrive\Рабочий стол\SiteSearchEngine)
30-10-2022 11:53:42.399 [restartedMain] INFO  pet.skillbox.sitesearchengine.SiteSearchEngineApplication - No active profile set, falling back to default profiles: default
30-10-2022 11:53:42.456 [restartedMain] INFO  org.springframework.boot.devtools.env.DevToolsPropertyDefaultsPostProcessor - Devtools property defaults active! Set 'spring.devtools.add-properties' to 'false' to disable
30-10-2022 11:53:42.456 [restartedMain] INFO  org.springframework.boot.devtools.env.DevToolsPropertyDefaultsPostProcessor - For additional web related logging consider setting the 'logging.level.web' property to 'DEBUG'
30-10-2022 11:53:43.767 [restartedMain] INFO  org.springframework.data.repository.config.RepositoryConfigurationDelegate - Bootstrapping Spring Data repositories in DEFAULT mode.
30-10-2022 11:53:43.863 [restartedMain] INFO  org.springframework.data.repository.config.RepositoryConfigurationDelegate - Finished Spring Data repository scanning in 84ms. Found 5 repository interfaces.
30-10-2022 11:57:37.991 [main] INFO  pet.skillbox.sitesearchengine.SiteSearchEngineApplication - Starting SiteSearchEngineApplication on dikdack_PC with PID 21284 (started by vadim in C:\Users\vadim\OneDrive\Рабочий стол\SiteSearchEngine)
30-10-2022 11:57:38.005 [main] INFO  pet.skillbox.sitesearchengine.SiteSearchEngineApplication - No active profile set, falling back to default profiles: default
30-10-2022 11:57:39.192 [main] INFO  org.springframework.data.repository.config.RepositoryConfigurationDelegate - Bootstrapping Spring Data repositories in DEFAULT mode.
30-10-2022 11:57:39.287 [main] INFO  org.springframework.data.repository.config.RepositoryConfigurationDelegate - Finished Spring Data repository scanning in 84ms. Found 5 repository interfaces.
30-10-2022 12:00:36.763 [main] INFO  pet.skillbox.sitesearchengine.SiteSearchEngineApplication - Starting SiteSearchEngineApplication on dikdack_PC with PID 13616 (started by vadim in C:\Users\vadim\OneDrive\Рабочий стол\SiteSearchEngine)
30-10-2022 12:00:36.774 [main] INFO  pet.skillbox.sitesearchengine.SiteSearchEngineApplication - No active profile set, falling back to default profiles: default
30-10-2022 12:00:37.789 [main] INFO  org.springframework.data.repository.config.RepositoryConfigurationDelegate - Bootstrapping Spring Data repositories in DEFAULT mode.
30-10-2022 12:00:37.874 [main] INFO  org.springframework.data.repository.config.RepositoryConfigurationDelegate - Finished Spring Data repository scanning in 78ms. Found 5 repository interfaces.
30-10-2022 12:00:38.352 [main] INFO  org.springframework.context.support.PostProcessorRegistrationDelegate$BeanPostProcessorChecker - Bean 'org.springframework.transaction.annotation.ProxyTransactionManagementConfiguration' of type [org.springframework.transaction.annotation.ProxyTransactionManagementConfiguration$$EnhancerBySpringCGLIB$$66daede5] is not eligible for getting processed by all BeanPostProcessors (for example: not eligible for auto-proxying)
30-10-2022 12:00:38.395 [main] INFO  org.springframework.context.support.PostProcessorRegistrationDelegate$BeanPostProcessorChecker - Bean 'org.springframework.hateoas.config.HateoasConfiguration' of type [org.springframework.hateoas.config.HateoasConfiguration$$EnhancerBySpringCGLIB$$e65b3b17] is not eligible for getting processed by all BeanPostProcessors (for example: not eligible for auto-proxying)
30-10-2022 12:00:38.857 [main] INFO  org.springframework.boot.web.embedded.tomcat.TomcatWebServer - Tomcat initialized with port(s): 8080 (http)
30-10-2022 12:00:38.874 [main] INFO  org.apache.coyote.http11.Http11NioProtocol - Initializing ProtocolHandler ["http-nio-8080"]
30-10-2022 12:00:38.884 [main] INFO  org.apache.catalina.core.StandardService - Starting service [Tomcat]
30-10-2022 12:00:38.887 [main] INFO  org.apache.catalina.core.StandardEngine - Starting Servlet engine: [Apache Tomcat/9.0.17]
30-10-2022 12:00:39.167 [main] INFO  org.apache.jasper.servlet.TldScanner - At least one JAR was scanned for TLDs yet contained no TLDs. Enable debug logging for this logger for a complete list of JARs that were scanned but no TLDs were found in them. Skipping unneeded JARs during scanning can improve startup time and JSP compilation time.
30-10-2022 12:00:39.176 [main] INFO  org.apache.catalina.core.ContainerBase.[Tomcat].[localhost].[/] - Initializing Spring embedded WebApplicationContext
30-10-2022 12:00:39.176 [main] INFO  org.springframework.web.context.ContextLoader - Root WebApplicationContext: initialization completed in 2328 ms
30-10-2022 12:00:39.988 [main] INFO  org.apache.catalina.core.StandardService - Stopping service [Tomcat]
30-10-2022 12:00:40.005 [main] INFO  org.springframework.boot.autoconfigure.logging.ConditionEvaluationReportLoggingListener - 

Error starting ApplicationContext. To display the conditions report re-run your application with 'debug' enabled.
01-11-2022 10:48:22.061 [main] INFO  pet.skillbox.sitesearchengine.SiteSearchEngineApplication - Starting SiteSearchEngineApplication on dikdack_PC with PID 12812 (started by vadim in C:\Users\vadim\OneDrive\Рабочий стол\SiteSearchEngine)
01-11-2022 10:48:22.087 [main] INFO  pet.skillbox.sitesearchengine.SiteSearchEngineApplication - No active profile set, falling back to default profiles: default
01-11-2022 10:48:23.531 [main] INFO  org.springframework.data.repository.config.RepositoryConfigurationDelegate - Bootstrapping Spring Data repositories in DEFAULT mode.
01-11-2022 10:48:23.660 [main] INFO  org.springframework.data.repository.config.RepositoryConfigurationDelegate - Finished Spring Data repository scanning in 112ms. Found 5 repository interfaces.
01-11-2022 10:48:24.296 [main] INFO  org.springframework.context.support.PostProcessorRegistrationDelegate$BeanPostProcessorChecker - Bean 'org.springframework.transaction.annotation.ProxyTransactionManagementConfiguration' of type [org.springframework.transaction.annotation.ProxyTransactionManagementConfiguration$$EnhancerBySpringCGLIB$$c5996bc1] is not eligible for getting processed by all BeanPostProcessors (for example: not eligible for auto-proxying)
01-11-2022 10:48:24.365 [main] INFO  org.springframework.context.support.PostProcessorRegistrationDelegate$BeanPostProcessorChecker - Bean 'org.springframework.hateoas.config.HateoasConfiguration' of type [org.springframework.hateoas.config.HateoasConfiguration$$EnhancerBySpringCGLIB$$4519b8f3] is not eligible for getting processed by all BeanPostProcessors (for example: not eligible for auto-proxying)
01-11-2022 10:48:25.208 [main] INFO  org.springframework.boot.web.embedded.tomcat.TomcatWebServer - Tomcat initialized with port(s): 8080 (http)
01-11-2022 10:48:25.242 [main] INFO  org.apache.coyote.http11.Http11NioProtocol - Initializing ProtocolHandler ["http-nio-8080"]
01-11-2022 10:48:25.267 [main] INFO  org.apache.catalina.core.StandardService - Starting service [Tomcat]
01-11-2022 10:48:25.268 [main] INFO  org.apache.catalina.core.StandardEngine - Starting Servlet engine: [Apache Tomcat/9.0.17]
01-11-2022 10:48:25.677 [main] INFO  org.apache.jasper.servlet.TldScanner - At least one JAR was scanned for TLDs yet contained no TLDs. Enable debug logging for this logger for a complete list of JARs that were scanned but no TLDs were found in them. Skipping unneeded JARs during scanning can improve startup time and JSP compilation time.
01-11-2022 10:48:25.691 [main] INFO  org.apache.catalina.core.ContainerBase.[Tomcat].[localhost].[/] - Initializing Spring embedded WebApplicationContext
01-11-2022 10:48:25.691 [main] INFO  org.springframework.web.context.ContextLoader - Root WebApplicationContext: initialization completed in 3534 ms
01-11-2022 10:48:26.793 [main] INFO  org.apache.catalina.core.StandardService - Stopping service [Tomcat]
01-11-2022 10:48:26.822 [main] INFO  org.springframework.boot.autoconfigure.logging.ConditionEvaluationReportLoggingListener - 

Error starting ApplicationContext. To display the conditions report re-run your application with 'debug' enabled.
01-11-2022 10:51:07.763 [main] INFO  pet.skillbox.sitesearchengine.SiteSearchEngineApplication - Starting SiteSearchEngineApplication on dikdack_PC with PID 14536 (started by vadim in C:\Users\vadim\OneDrive\Рабочий стол\SiteSearchEngine)
01-11-2022 10:51:07.778 [main] INFO  pet.skillbox.sitesearchengine.SiteSearchEngineApplication - No active profile set, falling back to default profiles: default
01-11-2022 10:51:08.804 [main] INFO  org.springframework.data.repository.config.RepositoryConfigurationDelegate - Bootstrapping Spring Data repositories in DEFAULT mode.
01-11-2022 10:51:08.900 [main] INFO  org.springframework.data.repository.config.RepositoryConfigurationDelegate - Finished Spring Data repository scanning in 87ms. Found 5 repository interfaces.
01-11-2022 10:51:09.441 [main] INFO  org.springframework.context.support.PostProcessorRegistrationDelegate$BeanPostProcessorChecker - Bean 'org.springframework.transaction.annotation.ProxyTransactionManagementConfiguration' of type [org.springframework.transaction.annotation.ProxyTransactionManagementConfiguration$$EnhancerBySpringCGLIB$$ee8c7735] is not eligible for getting processed by all BeanPostProcessors (for example: not eligible for auto-proxying)
01-11-2022 10:51:09.462 [main] INFO  org.springframework.context.support.PostProcessorRegistrationDelegate$BeanPostProcessorChecker - Bean 'org.springframework.hateoas.config.HateoasConfiguration' of type [org.springframework.hateoas.config.HateoasConfiguration$$EnhancerBySpringCGLIB$$6e0cc467] is not eligible for getting processed by all BeanPostProcessors (for example: not eligible for auto-proxying)
01-11-2022 10:51:09.840 [main] INFO  org.springframework.boot.web.embedded.tomcat.TomcatWebServer - Tomcat initialized with port(s): 8080 (http)
01-11-2022 10:51:09.852 [main] INFO  org.apache.coyote.http11.Http11NioProtocol - Initializing ProtocolHandler ["http-nio-8080"]
01-11-2022 10:51:09.863 [main] INFO  org.apache.catalina.core.StandardService - Starting service [Tomcat]
01-11-2022 10:51:09.866 [main] INFO  org.apache.catalina.core.StandardEngine - Starting Servlet engine: [Apache Tomcat/9.0.17]
01-11-2022 10:51:10.154 [main] INFO  org.apache.jasper.servlet.TldScanner - At least one JAR was scanned for TLDs yet contained no TLDs. Enable debug logging for this logger for a complete list of JARs that were scanned but no TLDs were found in them. Skipping unneeded JARs during scanning can improve startup time and JSP compilation time.
01-11-2022 10:51:10.162 [main] INFO  org.apache.catalina.core.ContainerBase.[Tomcat].[localhost].[/] - Initializing Spring embedded WebApplicationContext
01-11-2022 10:51:10.162 [main] INFO  org.springframework.web.context.ContextLoader - Root WebApplicationContext: initialization completed in 2333 ms
01-11-2022 10:51:11.172 [main] INFO  org.apache.catalina.core.StandardService - Stopping service [Tomcat]
01-11-2022 10:51:11.208 [main] INFO  org.springframework.boot.autoconfigure.logging.ConditionEvaluationReportLoggingListener - 

Error starting ApplicationContext. To display the conditions report re-run your application with 'debug' enabled.
01-11-2022 10:53:08.982 [main] INFO  pet.skillbox.sitesearchengine.SiteSearchEngineApplication - Starting SiteSearchEngineApplication on dikdack_PC with PID 6224 (started by vadim in C:\Users\vadim\OneDrive\Рабочий стол\SiteSearchEngine)
01-11-2022 10:53:08.999 [main] INFO  pet.skillbox.sitesearchengine.SiteSearchEngineApplication - No active profile set, falling back to default profiles: default
01-11-2022 10:53:10.257 [main] INFO  org.springframework.data.repository.config.RepositoryConfigurationDelegate - Bootstrapping Spring Data repositories in DEFAULT mode.
01-11-2022 10:53:10.340 [main] INFO  org.springframework.data.repository.config.RepositoryConfigurationDelegate - Finished Spring Data repository scanning in 75ms. Found 5 repository interfaces.
01-11-2022 10:53:10.892 [main] INFO  org.springframework.context.support.PostProcessorRegistrationDelegate$BeanPostProcessorChecker - Bean 'org.springframework.transaction.annotation.ProxyTransactionManagementConfiguration' of type [org.springframework.transaction.annotation.ProxyTransactionManagementConfiguration$$EnhancerBySpringCGLIB$$a5210057] is not eligible for getting processed by all BeanPostProcessors (for example: not eligible for auto-proxying)
01-11-2022 10:53:10.917 [main] INFO  org.springframework.context.support.PostProcessorRegistrationDelegate$BeanPostProcessorChecker - Bean 'org.springframework.hateoas.config.HateoasConfiguration' of type [org.springframework.hateoas.config.HateoasConfiguration$$EnhancerBySpringCGLIB$$24a14d89] is not eligible for getting processed by all BeanPostProcessors (for example: not eligible for auto-proxying)
01-11-2022 10:53:11.347 [main] INFO  org.springframework.boot.web.embedded.tomcat.TomcatWebServer - Tomcat initialized with port(s): 8080 (http)
01-11-2022 10:53:11.366 [main] INFO  org.apache.coyote.http11.Http11NioProtocol - Initializing ProtocolHandler ["http-nio-8080"]
01-11-2022 10:53:11.379 [main] INFO  org.apache.catalina.core.StandardService - Starting service [Tomcat]
01-11-2022 10:53:11.380 [main] INFO  org.apache.catalina.core.StandardEngine - Starting Servlet engine: [Apache Tomcat/9.0.17]
01-11-2022 10:53:11.702 [main] INFO  org.apache.jasper.servlet.TldScanner - At least one JAR was scanned for TLDs yet contained no TLDs. Enable debug logging for this logger for a complete list of JARs that were scanned but no TLDs were found in them. Skipping unneeded JARs during scanning can improve startup time and JSP compilation time.
01-11-2022 10:53:11.713 [main] INFO  org.apache.catalina.core.ContainerBase.[Tomcat].[localhost].[/] - Initializing Spring embedded WebApplicationContext
01-11-2022 10:53:11.714 [main] INFO  org.springframework.web.context.ContextLoader - Root WebApplicationContext: initialization completed in 2638 ms
01-11-2022 10:53:12.613 [main] INFO  org.apache.catalina.core.StandardService - Stopping service [Tomcat]
01-11-2022 10:53:12.630 [main] INFO  org.springframework.boot.autoconfigure.logging.ConditionEvaluationReportLoggingListener - 

Error starting ApplicationContext. To display the conditions report re-run your application with 'debug' enabled.
01-11-2022 11:01:05.567 [main] INFO  pet.skillbox.sitesearchengine.SiteSearchEngineApplication - Starting SiteSearchEngineApplication on dikdack_PC with PID 16160 (started by vadim in C:\Users\vadim\OneDrive\Рабочий стол\SiteSearchEngine)
01-11-2022 11:01:05.578 [main] INFO  pet.skillbox.sitesearchengine.SiteSearchEngineApplication - No active profile set, falling back to default profiles: default
01-11-2022 11:01:06.630 [main] INFO  org.springframework.data.repository.config.RepositoryConfigurationDelegate - Bootstrapping Spring Data repositories in DEFAULT mode.
01-11-2022 11:01:06.712 [main] INFO  org.springframework.data.repository.config.RepositoryConfigurationDelegate - Finished Spring Data repository scanning in 73ms. Found 5 repository interfaces.
01-11-2022 11:01:07.167 [main] INFO  org.springframework.context.support.PostProcessorRegistrationDelegate$BeanPostProcessorChecker - Bean 'org.springframework.transaction.annotation.ProxyTransactionManagementConfiguration' of type [org.springframework.transaction.annotation.ProxyTransactionManagementConfiguration$$EnhancerBySpringCGLIB$$6336b0d2] is not eligible for getting processed by all BeanPostProcessors (for example: not eligible for auto-proxying)
01-11-2022 11:01:07.190 [main] INFO  org.springframework.context.support.PostProcessorRegistrationDelegate$BeanPostProcessorChecker - Bean 'org.springframework.hateoas.config.HateoasConfiguration' of type [org.springframework.hateoas.config.HateoasConfiguration$$EnhancerBySpringCGLIB$$e2b6fe04] is not eligible for getting processed by all BeanPostProcessors (for example: not eligible for auto-proxying)
01-11-2022 11:01:07.542 [main] INFO  org.springframework.boot.web.embedded.tomcat.TomcatWebServer - Tomcat initialized with port(s): 8080 (http)
01-11-2022 11:01:07.557 [main] INFO  org.apache.coyote.http11.Http11NioProtocol - Initializing ProtocolHandler ["http-nio-8080"]
01-11-2022 11:01:07.569 [main] INFO  org.apache.catalina.core.StandardService - Starting service [Tomcat]
01-11-2022 11:01:07.570 [main] INFO  org.apache.catalina.core.StandardEngine - Starting Servlet engine: [Apache Tomcat/9.0.17]
01-11-2022 11:01:07.847 [main] INFO  org.apache.jasper.servlet.TldScanner - At least one JAR was scanned for TLDs yet contained no TLDs. Enable debug logging for this logger for a complete list of JARs that were scanned but no TLDs were found in them. Skipping unneeded JARs during scanning can improve startup time and JSP compilation time.
01-11-2022 11:01:07.854 [main] INFO  org.apache.catalina.core.ContainerBase.[Tomcat].[localhost].[/] - Initializing Spring embedded WebApplicationContext
01-11-2022 11:01:07.854 [main] INFO  org.springframework.web.context.ContextLoader - Root WebApplicationContext: initialization completed in 2236 ms
01-11-2022 11:01:08.896 [main] INFO  org.apache.catalina.core.StandardService - Stopping service [Tomcat]
01-11-2022 11:01:08.912 [main] INFO  org.springframework.boot.autoconfigure.logging.ConditionEvaluationReportLoggingListener - 

Error starting ApplicationContext. To display the conditions report re-run your application with 'debug' enabled.
01-11-2022 11:05:08.864 [main] INFO  pet.skillbox.sitesearchengine.SiteSearchEngineApplication - Starting SiteSearchEngineApplication on dikdack_PC with PID 8004 (started by vadim in C:\Users\vadim\OneDrive\Рабочий стол\SiteSearchEngine)
01-11-2022 11:05:08.874 [main] INFO  pet.skillbox.sitesearchengine.SiteSearchEngineApplication - No active profile set, falling back to default profiles: default
01-11-2022 11:05:10.135 [main] INFO  org.springframework.data.repository.config.RepositoryConfigurationDelegate - Bootstrapping Spring Data repositories in DEFAULT mode.
01-11-2022 11:05:10.226 [main] INFO  org.springframework.data.repository.config.RepositoryConfigurationDelegate - Finished Spring Data repository scanning in 84ms. Found 5 repository interfaces.
01-11-2022 11:05:10.982 [main] INFO  org.springframework.context.support.PostProcessorRegistrationDelegate$BeanPostProcessorChecker - Bean 'org.springframework.transaction.annotation.ProxyTransactionManagementConfiguration' of type [org.springframework.transaction.annotation.ProxyTransactionManagementConfiguration$$EnhancerBySpringCGLIB$$c5996bc1] is not eligible for getting processed by all BeanPostProcessors (for example: not eligible for auto-proxying)
01-11-2022 11:05:11.005 [main] INFO  org.springframework.context.support.PostProcessorRegistrationDelegate$BeanPostProcessorChecker - Bean 'org.springframework.hateoas.config.HateoasConfiguration' of type [org.springframework.hateoas.config.HateoasConfiguration$$EnhancerBySpringCGLIB$$4519b8f3] is not eligible for getting processed by all BeanPostProcessors (for example: not eligible for auto-proxying)
01-11-2022 11:05:11.560 [main] INFO  org.springframework.boot.web.embedded.tomcat.TomcatWebServer - Tomcat initialized with port(s): 8080 (http)
01-11-2022 11:05:11.572 [main] INFO  org.apache.coyote.http11.Http11NioProtocol - Initializing ProtocolHandler ["http-nio-8080"]
01-11-2022 11:05:11.582 [main] INFO  org.apache.catalina.core.StandardService - Starting service [Tomcat]
01-11-2022 11:05:11.583 [main] INFO  org.apache.catalina.core.StandardEngine - Starting Servlet engine: [Apache Tomcat/9.0.17]
01-11-2022 11:05:11.791 [main] INFO  org.apache.jasper.servlet.TldScanner - At least one JAR was scanned for TLDs yet contained no TLDs. Enable debug logging for this logger for a complete list of JARs that were scanned but no TLDs were found in them. Skipping unneeded JARs during scanning can improve startup time and JSP compilation time.
01-11-2022 11:05:11.802 [main] INFO  org.apache.catalina.core.ContainerBase.[Tomcat].[localhost].[/] - Initializing Spring embedded WebApplicationContext
01-11-2022 11:05:11.802 [main] INFO  org.springframework.web.context.ContextLoader - Root WebApplicationContext: initialization completed in 2877 ms
01-11-2022 11:05:12.857 [main] INFO  org.apache.catalina.core.StandardService - Stopping service [Tomcat]
01-11-2022 11:05:12.883 [main] INFO  org.springframework.boot.autoconfigure.logging.ConditionEvaluationReportLoggingListener - 

Error starting ApplicationContext. To display the conditions report re-run your application with 'debug' enabled.
01-11-2022 11:09:51.402 [main] INFO  pet.skillbox.sitesearchengine.SiteSearchEngineApplication - Starting SiteSearchEngineApplication on dikdack_PC with PID 15600 (started by vadim in C:\Users\vadim\OneDrive\Рабочий стол\SiteSearchEngine)
01-11-2022 11:09:51.414 [main] INFO  pet.skillbox.sitesearchengine.SiteSearchEngineApplication - No active profile set, falling back to default profiles: default
01-11-2022 11:09:52.550 [main] INFO  org.springframework.data.repository.config.RepositoryConfigurationDelegate - Bootstrapping Spring Data repositories in DEFAULT mode.
01-11-2022 11:09:52.626 [main] INFO  org.springframework.data.repository.config.RepositoryConfigurationDelegate - Finished Spring Data repository scanning in 69ms. Found 5 repository interfaces.
01-11-2022 11:09:53.217 [main] INFO  org.springframework.context.support.PostProcessorRegistrationDelegate$BeanPostProcessorChecker - Bean 'org.springframework.transaction.annotation.ProxyTransactionManagementConfiguration' of type [org.springframework.transaction.annotation.ProxyTransactionManagementConfiguration$$EnhancerBySpringCGLIB$$ab2073e2] is not eligible for getting processed by all BeanPostProcessors (for example: not eligible for auto-proxying)
01-11-2022 11:09:53.274 [main] INFO  org.springframework.context.support.PostProcessorRegistrationDelegate$BeanPostProcessorChecker - Bean 'org.springframework.hateoas.config.HateoasConfiguration' of type [org.springframework.hateoas.config.HateoasConfiguration$$EnhancerBySpringCGLIB$$2aa0c114] is not eligible for getting processed by all BeanPostProcessors (for example: not eligible for auto-proxying)
01-11-2022 11:09:53.779 [main] INFO  org.springframework.boot.web.embedded.tomcat.TomcatWebServer - Tomcat initialized with port(s): 8080 (http)
01-11-2022 11:09:53.795 [main] INFO  org.apache.coyote.http11.Http11NioProtocol - Initializing ProtocolHandler ["http-nio-8080"]
01-11-2022 11:09:53.810 [main] INFO  org.apache.catalina.core.StandardService - Starting service [Tomcat]
01-11-2022 11:09:53.812 [main] INFO  org.apache.catalina.core.StandardEngine - Starting Servlet engine: [Apache Tomcat/9.0.17]
01-11-2022 11:09:54.106 [main] INFO  org.apache.jasper.servlet.TldScanner - At least one JAR was scanned for TLDs yet contained no TLDs. Enable debug logging for this logger for a complete list of JARs that were scanned but no TLDs were found in them. Skipping unneeded JARs during scanning can improve startup time and JSP compilation time.
01-11-2022 11:09:54.116 [main] INFO  org.apache.catalina.core.ContainerBase.[Tomcat].[localhost].[/] - Initializing Spring embedded WebApplicationContext
01-11-2022 11:09:54.116 [main] INFO  org.springframework.web.context.ContextLoader - Root WebApplicationContext: initialization completed in 2667 ms
01-11-2022 11:09:55.144 [main] INFO  org.apache.catalina.core.StandardService - Stopping service [Tomcat]
01-11-2022 11:09:55.162 [main] INFO  org.springframework.boot.autoconfigure.logging.ConditionEvaluationReportLoggingListener - 

Error starting ApplicationContext. To display the conditions report re-run your application with 'debug' enabled.
01-11-2022 11:10:34.349 [main] INFO  pet.skillbox.sitesearchengine.SiteSearchEngineApplication - Starting SiteSearchEngineApplication on dikdack_PC with PID 16032 (started by vadim in C:\Users\vadim\OneDrive\Рабочий стол\SiteSearchEngine)
01-11-2022 11:10:34.361 [main] INFO  pet.skillbox.sitesearchengine.SiteSearchEngineApplication - No active profile set, falling back to default profiles: default
01-11-2022 11:10:35.534 [main] INFO  org.springframework.data.repository.config.RepositoryConfigurationDelegate - Bootstrapping Spring Data repositories in DEFAULT mode.
01-11-2022 11:10:35.636 [main] INFO  org.springframework.data.repository.config.RepositoryConfigurationDelegate - Finished Spring Data repository scanning in 90ms. Found 5 repository interfaces.
01-11-2022 11:10:36.252 [main] INFO  org.springframework.context.support.PostProcessorRegistrationDelegate$BeanPostProcessorChecker - Bean 'org.springframework.transaction.annotation.ProxyTransactionManagementConfiguration' of type [org.springframework.transaction.annotation.ProxyTransactionManagementConfiguration$$EnhancerBySpringCGLIB$$d7cfa029] is not eligible for getting processed by all BeanPostProcessors (for example: not eligible for auto-proxying)
01-11-2022 11:10:36.281 [main] INFO  org.springframework.context.support.PostProcessorRegistrationDelegate$BeanPostProcessorChecker - Bean 'org.springframework.hateoas.config.HateoasConfiguration' of type [org.springframework.hateoas.config.HateoasConfiguration$$EnhancerBySpringCGLIB$$574fed5b] is not eligible for getting processed by all BeanPostProcessors (for example: not eligible for auto-proxying)
01-11-2022 11:10:36.913 [main] INFO  org.springframework.boot.web.embedded.tomcat.TomcatWebServer - Tomcat initialized with port(s): 8080 (http)
01-11-2022 11:10:36.932 [main] INFO  org.apache.coyote.http11.Http11NioProtocol - Initializing ProtocolHandler ["http-nio-8080"]
01-11-2022 11:10:36.946 [main] INFO  org.apache.catalina.core.StandardService - Starting service [Tomcat]
01-11-2022 11:10:36.947 [main] INFO  org.apache.catalina.core.StandardEngine - Starting Servlet engine: [Apache Tomcat/9.0.17]
01-11-2022 11:10:37.284 [main] INFO  org.apache.jasper.servlet.TldScanner - At least one JAR was scanned for TLDs yet contained no TLDs. Enable debug logging for this logger for a complete list of JARs that were scanned but no TLDs were found in them. Skipping unneeded JARs during scanning can improve startup time and JSP compilation time.
01-11-2022 11:10:37.295 [main] INFO  org.apache.catalina.core.ContainerBase.[Tomcat].[localhost].[/] - Initializing Spring embedded WebApplicationContext
01-11-2022 11:10:37.296 [main] INFO  org.springframework.web.context.ContextLoader - Root WebApplicationContext: initialization completed in 2889 ms
01-11-2022 11:10:38.697 [main] INFO  org.apache.catalina.core.StandardService - Stopping service [Tomcat]
01-11-2022 11:10:38.713 [main] INFO  org.springframework.boot.autoconfigure.logging.ConditionEvaluationReportLoggingListener - 

Error starting ApplicationContext. To display the conditions report re-run your application with 'debug' enabled.
01-11-2022 11:13:00.093 [main] INFO  pet.skillbox.sitesearchengine.SiteSearchEngineApplication - Starting SiteSearchEngineApplication on dikdack_PC with PID 13000 (started by vadim in C:\Users\vadim\OneDrive\Рабочий стол\SiteSearchEngine)
01-11-2022 11:13:00.106 [main] INFO  pet.skillbox.sitesearchengine.SiteSearchEngineApplication - No active profile set, falling back to default profiles: default
01-11-2022 11:13:00.999 [main] INFO  org.springframework.data.repository.config.RepositoryConfigurationDelegate - Bootstrapping Spring Data repositories in DEFAULT mode.
01-11-2022 11:13:01.080 [main] INFO  org.springframework.data.repository.config.RepositoryConfigurationDelegate - Finished Spring Data repository scanning in 72ms. Found 5 repository interfaces.
01-11-2022 11:13:01.991 [main] INFO  org.springframework.context.support.PostProcessorRegistrationDelegate$BeanPostProcessorChecker - Bean 'org.springframework.transaction.annotation.ProxyTransactionManagementConfiguration' of type [org.springframework.transaction.annotation.ProxyTransactionManagementConfiguration$$EnhancerBySpringCGLIB$$7fdb8eca] is not eligible for getting processed by all BeanPostProcessors (for example: not eligible for auto-proxying)
01-11-2022 11:13:02.014 [main] INFO  org.springframework.context.support.PostProcessorRegistrationDelegate$BeanPostProcessorChecker - Bean 'org.springframework.hateoas.config.HateoasConfiguration' of type [org.springframework.hateoas.config.HateoasConfiguration$$EnhancerBySpringCGLIB$$ff5bdbfc] is not eligible for getting processed by all BeanPostProcessors (for example: not eligible for auto-proxying)
01-11-2022 11:13:02.514 [main] INFO  org.springframework.boot.web.embedded.tomcat.TomcatWebServer - Tomcat initialized with port(s): 8080 (http)
01-11-2022 11:13:02.526 [main] INFO  org.apache.coyote.http11.Http11NioProtocol - Initializing ProtocolHandler ["http-nio-8080"]
01-11-2022 11:13:02.534 [main] INFO  org.apache.catalina.core.StandardService - Starting service [Tomcat]
01-11-2022 11:13:02.536 [main] INFO  org.apache.catalina.core.StandardEngine - Starting Servlet engine: [Apache Tomcat/9.0.17]
01-11-2022 11:13:02.742 [main] INFO  org.apache.jasper.servlet.TldScanner - At least one JAR was scanned for TLDs yet contained no TLDs. Enable debug logging for this logger for a complete list of JARs that were scanned but no TLDs were found in them. Skipping unneeded JARs during scanning can improve startup time and JSP compilation time.
01-11-2022 11:13:02.753 [main] INFO  org.apache.catalina.core.ContainerBase.[Tomcat].[localhost].[/] - Initializing Spring embedded WebApplicationContext
01-11-2022 11:13:02.753 [main] INFO  org.springframework.web.context.ContextLoader - Root WebApplicationContext: initialization completed in 2607 ms
01-11-2022 11:13:03.805 [main] INFO  org.apache.catalina.core.StandardService - Stopping service [Tomcat]
01-11-2022 11:13:03.822 [main] INFO  org.springframework.boot.autoconfigure.logging.ConditionEvaluationReportLoggingListener - 

Error starting ApplicationContext. To display the conditions report re-run your application with 'debug' enabled.
