29-10-2022 18:03:27.759 [main] INFO  search - Поиск - шумоподавление 3599 черный
29-10-2022 18:03:53.872 [main] INFO  search - Поиск - шумоподавление
29-10-2022 18:03:57.210 [main] INFO  search - Нашли 20 стр. за 3.325 сек.
29-10-2022 18:09:10.775 [main] INFO  search - Поиск - шумоподавление
29-10-2022 18:09:13.871 [main] INFO  search - Нашли 22 стр. за 2.428 сек.
29-10-2022 18:09:13.871 [main] INFO  search - Нашли 22 стр. за 3.082 сек.
29-10-2022 18:11:52.463 [main] INFO  search - Поиск - <Москва самовывоз>
29-10-2022 18:16:47.323 [main] INFO  search - Нашли 2987 стр. за 294.842 сек.
29-10-2022 18:18:55.863 [main] INFO  search - Поиск - <чехол розовый силикон>
29-10-2022 18:19:29.918 [main] INFO  search - Нашли 346 стр. за 34.037 сек.
29-10-2022 18:20:45.298 [main] INFO  search - Поиск - <зарядка беспроводная купить>
29-10-2022 18:23:28.078 [main] INFO  search - Поиск - <зарядка беспроводная купить>
29-10-2022 18:24:54.696 [main] INFO  search - Нашли 809 стр. за 86.608 сек.
29-10-2022 18:26:16.879 [main] INFO  search - Поиск - <провод Type-C белый>
29-10-2022 18:26:19.015 [main] INFO  search - Нашли 2 стр. за 2.123 сек.
29-10-2022 18:30:52.076 [main] INFO  search - Поиск - <провод Type-C белый>
29-10-2022 18:30:53.644 [main] INFO  search - Нашли 2 стр. за 1.553 сек.
29-10-2022 18:32:24.350 [main] INFO  search - Поиск - <красный redmi зарядка>
29-10-2022 18:32:59.488 [main] INFO  search - Нашли 286 стр. за 35.126 сек.
29-10-2022 18:33:50.447 [main] INFO  search - Поиск - <красный redmi зарядка>
29-10-2022 18:34:25.219 [main] INFO  search - Нашли 286 стр. за 34.757 сек.
29-10-2022 18:35:20.890 [main] INFO  search - Поиск - <чехол прозрачный 10>
29-10-2022 18:36:21.880 [main] INFO  search - Нашли 620 стр. за 60.977 сек.
29-10-2022 18:41:22.384 [main] INFO  search - Поиск - <чехол прозрачный 10>
29-10-2022 18:42:22.712 [main] INFO  search - Нашли 224 стр. за 60.314 сек.
29-10-2022 18:44:41.110 [main] INFO  search - Поиск - <кнопочный телефон>
29-10-2022 18:44:42.059 [main] INFO  search - Нашли 0 стр. за 0.938 сек.
29-10-2022 18:44:58.354 [main] INFO  search - Поиск - <долго держит заряд>
29-10-2022 18:45:00.502 [main] INFO  search - Нашли 4 стр. за 2.131 сек.
29-10-2022 18:58:54.616 [main] INFO  search - Поиск - <смартфон пурпурный быстрый 10>
29-10-2022 18:58:55.587 [main] INFO  search - Нашли 0 стр. за 0.958 сек.
29-10-2022 18:59:17.061 [main] INFO  search - Поиск - <быстрая зарядка провод>
29-10-2022 18:59:18.787 [main] INFO  search - Нашли 6 стр. за 1.706 сек.
29-10-2022 19:09:32.939 [main] INFO  search - Поиск - <Request -> быстрая зарядка провод>
29-10-2022 19:09:34.006 [main] INFO  search - Нашли 0 стр. за 1.054 сек.
29-10-2022 19:09:47.473 [main] INFO  search - Поиск - <быстрая зарядка провод>
29-10-2022 19:09:49.068 [main] INFO  search - Нашли 6 стр. за 1.585 сек.
29-10-2022 19:13:11.780 [main] INFO  search - Поиск - <быстрая зарядка провод>
29-10-2022 19:13:13.384 [main] INFO  search - Нашли 6 стр. за 1.592 сек.
29-10-2022 19:14:22.439 [main] INFO  search - Поиск - <быстрая зарядка провод>
29-10-2022 19:14:23.909 [main] INFO  search - Нашли 6 стр. за 1.458 сек.
29-10-2022 19:16:14.846 [main] INFO  search - Поиск - <быстрая зарядка провод>
29-10-2022 19:16:16.739 [main] INFO  search - Нашли 6 стр. за 1.882 сек.
29-10-2022 19:18:27.680 [main] INFO  search - Поиск - <быстрая зарядка провод>
29-10-2022 19:18:29.572 [main] INFO  search - Нашли 6 стр. за 1.883 сек.
29-10-2022 19:19:27.821 [main] INFO  search - Поиск - <быстрая зарядка провод>
29-10-2022 19:19:29.255 [main] INFO  search - Нашли 6 стр. за 1.423 сек.
29-10-2022 19:23:50.343 [main] INFO  search - Поиск - <быстрая зарядка провод>
29-10-2022 19:23:52.307 [main] INFO  search - Нашли 6 стр. за 1.951 сек.
29-10-2022 20:09:32.901 [main] INFO  search - Поиск - <автодержатель магнит>
29-10-2022 20:09:37.352 [main] INFO  search - Нашли 19 стр. за 4.435 сек.
